<?xml version="1.0" encoding="utf-8" ?>
<!DOCTYPE html PUBLIC "-//W3C//DTD XHTML 1.0 Strict//EN"
        "http://www.w3.org/TR/xhtml1/DTD/xhtml1-strict.dtd">
<html xmlns="http://www.w3.org/1999/xhtml" xml:lang="" lang="">
<head>
  <title>Test Results Report - OSChina</title>
  <meta http-equiv="Content-Type" content="text/html;charset=utf-8" />
  <meta name="description" content="TestNG unit test results." />
  <link href="reportng.css" rel="stylesheet" type="text/css" />
    <script type="text/javascript" src="reportng.js"></script>
</head>
<body>
<h1>OSChina</h1>
<p>
  Test duration: 0.000s
</p>



  <table class="resultsTable">
    <tr><th colspan="3" class="header failed">Failed Tests</th></tr>
          <tr>
        <td colspan="3" class="group">com.oschina.test.Login_Case</td>
      </tr>
            
<tr>
  <td class="method">
                  test_login_case
      </td>
  <td class="duration">
    0.000s
  </td>
  <td class="result">
        
    
        

        <a href="javascript:toggleElement('exception-0', 'block')" title="Click to expand/collapse"><b>org.testng.TestNGException: <br/>
Parameter &apos;username&apos; is required by @Test on method test_login_case but has not been marked @Optional or defined<br/>
in C:\Users\Veryci\.IntelliJIdea2017.1\system\temp-testng-customsuite.xml</b></a><br />
    <div class="stackTrace" id="exception-0">
              org.testng.internal.Parameters.createParameters(Parameters.java:155)<br />
              org.testng.internal.Parameters.createParameters(Parameters.java:358)<br />
              org.testng.internal.Parameters.handleParameters(Parameters.java:450)<br />
              org.testng.internal.Invoker.handleParameters(Invoker.java:1383)<br />
              org.testng.internal.Invoker.createParameters(Invoker.java:1075)<br />
              org.testng.internal.Invoker.invokeTestMethods(Invoker.java:1180)<br />
              org.testng.internal.TestMethodWorker.invokeTestMethods(TestMethodWorker.java:127)<br />
              org.testng.internal.TestMethodWorker.run(TestMethodWorker.java:111)<br />
              org.testng.TestRunner.privateRun(TestRunner.java:767)<br />
              org.testng.TestRunner.run(TestRunner.java:617)<br />
              org.testng.SuiteRunner.runTest(SuiteRunner.java:348)<br />
              org.testng.SuiteRunner.runSequentially(SuiteRunner.java:343)<br />
              org.testng.SuiteRunner.privateRun(SuiteRunner.java:305)<br />
              org.testng.SuiteRunner.run(SuiteRunner.java:254)<br />
              org.testng.SuiteRunnerWorker.runSuite(SuiteRunnerWorker.java:52)<br />
              org.testng.SuiteRunnerWorker.run(SuiteRunnerWorker.java:86)<br />
              org.testng.TestNG.runSuitesSequentially(TestNG.java:1224)<br />
              org.testng.TestNG.runSuitesLocally(TestNG.java:1149)<br />
              org.testng.TestNG.run(TestNG.java:1057)<br />
              org.testng.IDEARemoteTestNG.run(IDEARemoteTestNG.java:72)<br />
              org.testng.RemoteTestNGStarter.main(RemoteTestNGStarter.java:127)<br />
                </div>
      </td>
</tr>
<tr>
  <td class="method">
                  test_pwd_null_case
      </td>
  <td class="duration">
    0.000s
  </td>
  <td class="result">
        
    
        

        <a href="javascript:toggleElement('exception-1', 'block')" title="Click to expand/collapse"><b>org.testng.TestNGException: <br/>
Parameter &apos;username&apos; is required by @Test on method test_pwd_null_case but has not been marked @Optional or defined<br/>
in C:\Users\Veryci\.IntelliJIdea2017.1\system\temp-testng-customsuite.xml</b></a><br />
    <div class="stackTrace" id="exception-1">
              org.testng.internal.Parameters.createParameters(Parameters.java:155)<br />
              org.testng.internal.Parameters.createParameters(Parameters.java:358)<br />
              org.testng.internal.Parameters.handleParameters(Parameters.java:450)<br />
              org.testng.internal.Invoker.handleParameters(Invoker.java:1383)<br />
              org.testng.internal.Invoker.createParameters(Invoker.java:1075)<br />
              org.testng.internal.Invoker.invokeTestMethods(Invoker.java:1180)<br />
              org.testng.internal.TestMethodWorker.invokeTestMethods(TestMethodWorker.java:127)<br />
              org.testng.internal.TestMethodWorker.run(TestMethodWorker.java:111)<br />
              org.testng.TestRunner.privateRun(TestRunner.java:767)<br />
              org.testng.TestRunner.run(TestRunner.java:617)<br />
              org.testng.SuiteRunner.runTest(SuiteRunner.java:348)<br />
              org.testng.SuiteRunner.runSequentially(SuiteRunner.java:343)<br />
              org.testng.SuiteRunner.privateRun(SuiteRunner.java:305)<br />
              org.testng.SuiteRunner.run(SuiteRunner.java:254)<br />
              org.testng.SuiteRunnerWorker.runSuite(SuiteRunnerWorker.java:52)<br />
              org.testng.SuiteRunnerWorker.run(SuiteRunnerWorker.java:86)<br />
              org.testng.TestNG.runSuitesSequentially(TestNG.java:1224)<br />
              org.testng.TestNG.runSuitesLocally(TestNG.java:1149)<br />
              org.testng.TestNG.run(TestNG.java:1057)<br />
              org.testng.IDEARemoteTestNG.run(IDEARemoteTestNG.java:72)<br />
              org.testng.RemoteTestNGStarter.main(RemoteTestNGStarter.java:127)<br />
                </div>
      </td>
</tr>
<tr>
  <td class="method">
                  test_user_null_case
      </td>
  <td class="duration">
    0.000s
  </td>
  <td class="result">
        
    
        

        <a href="javascript:toggleElement('exception-2', 'block')" title="Click to expand/collapse"><b>org.testng.TestNGException: <br/>
Parameter &apos;username&apos; is required by @Test on method test_user_null_case but has not been marked @Optional or defined<br/>
in C:\Users\Veryci\.IntelliJIdea2017.1\system\temp-testng-customsuite.xml</b></a><br />
    <div class="stackTrace" id="exception-2">
              org.testng.internal.Parameters.createParameters(Parameters.java:155)<br />
              org.testng.internal.Parameters.createParameters(Parameters.java:358)<br />
              org.testng.internal.Parameters.handleParameters(Parameters.java:450)<br />
              org.testng.internal.Invoker.handleParameters(Invoker.java:1383)<br />
              org.testng.internal.Invoker.createParameters(Invoker.java:1075)<br />
              org.testng.internal.Invoker.invokeTestMethods(Invoker.java:1180)<br />
              org.testng.internal.TestMethodWorker.invokeTestMethods(TestMethodWorker.java:127)<br />
              org.testng.internal.TestMethodWorker.run(TestMethodWorker.java:111)<br />
              org.testng.TestRunner.privateRun(TestRunner.java:767)<br />
              org.testng.TestRunner.run(TestRunner.java:617)<br />
              org.testng.SuiteRunner.runTest(SuiteRunner.java:348)<br />
              org.testng.SuiteRunner.runSequentially(SuiteRunner.java:343)<br />
              org.testng.SuiteRunner.privateRun(SuiteRunner.java:305)<br />
              org.testng.SuiteRunner.run(SuiteRunner.java:254)<br />
              org.testng.SuiteRunnerWorker.runSuite(SuiteRunnerWorker.java:52)<br />
              org.testng.SuiteRunnerWorker.run(SuiteRunnerWorker.java:86)<br />
              org.testng.TestNG.runSuitesSequentially(TestNG.java:1224)<br />
              org.testng.TestNG.runSuitesLocally(TestNG.java:1149)<br />
              org.testng.TestNG.run(TestNG.java:1057)<br />
              org.testng.IDEARemoteTestNG.run(IDEARemoteTestNG.java:72)<br />
              org.testng.RemoteTestNGStarter.main(RemoteTestNGStarter.java:127)<br />
                </div>
      </td>
</tr>
<tr>
  <td class="method">
                  test_user_pwd_error_case
      </td>
  <td class="duration">
    0.000s
  </td>
  <td class="result">
        
    
        

        <a href="javascript:toggleElement('exception-3', 'block')" title="Click to expand/collapse"><b>org.testng.TestNGException: <br/>
Parameter &apos;username&apos; is required by @Test on method test_user_pwd_error_case but has not been marked @Optional or defined<br/>
in C:\Users\Veryci\.IntelliJIdea2017.1\system\temp-testng-customsuite.xml</b></a><br />
    <div class="stackTrace" id="exception-3">
              org.testng.internal.Parameters.createParameters(Parameters.java:155)<br />
              org.testng.internal.Parameters.createParameters(Parameters.java:358)<br />
              org.testng.internal.Parameters.handleParameters(Parameters.java:450)<br />
              org.testng.internal.Invoker.handleParameters(Invoker.java:1383)<br />
              org.testng.internal.Invoker.createParameters(Invoker.java:1075)<br />
              org.testng.internal.Invoker.invokeTestMethods(Invoker.java:1180)<br />
              org.testng.internal.TestMethodWorker.invokeTestMethods(TestMethodWorker.java:127)<br />
              org.testng.internal.TestMethodWorker.run(TestMethodWorker.java:111)<br />
              org.testng.TestRunner.privateRun(TestRunner.java:767)<br />
              org.testng.TestRunner.run(TestRunner.java:617)<br />
              org.testng.SuiteRunner.runTest(SuiteRunner.java:348)<br />
              org.testng.SuiteRunner.runSequentially(SuiteRunner.java:343)<br />
              org.testng.SuiteRunner.privateRun(SuiteRunner.java:305)<br />
              org.testng.SuiteRunner.run(SuiteRunner.java:254)<br />
              org.testng.SuiteRunnerWorker.runSuite(SuiteRunnerWorker.java:52)<br />
              org.testng.SuiteRunnerWorker.run(SuiteRunnerWorker.java:86)<br />
              org.testng.TestNG.runSuitesSequentially(TestNG.java:1224)<br />
              org.testng.TestNG.runSuitesLocally(TestNG.java:1149)<br />
              org.testng.TestNG.run(TestNG.java:1057)<br />
              org.testng.IDEARemoteTestNG.run(IDEARemoteTestNG.java:72)<br />
              org.testng.RemoteTestNGStarter.main(RemoteTestNGStarter.java:127)<br />
                </div>
      </td>
</tr>
      </table>


  
</body>
</html>
